<?xml version="1.0" encoding="UTF-8"?>
<!-- Generated by org.testng.reporters.JUnitXMLReporter -->
<testsuite ignored="0" hostname="LAPTOP-JM8RN7EK" failures="0" tests="1" name="Test" time="1286.023" errors="0" timestamp="2022-08-08T22:51:07 IST">
  <testcase classname="com.EcomDemo.TestCases.EcomBaseClass" name="@BeforeClass LaunchBrowser" time="1285.962">
    <failure type="io.github.bonigarcia.wdm.config.WebDriverManagerException" message="io.github.bonigarcia.wdm.config.WebDriverManagerException: java.net.NoRouteToHostException: No route to host: no further information">
      <![CDATA[io.github.bonigarcia.wdm.config.WebDriverManagerException: io.github.bonigarcia.wdm.config.WebDriverManagerException: java.net.NoRouteToHostException: No route to host: no further information
at io.github.bonigarcia.wdm.WebDriverManager.handleException(WebDriverManager.java:1381)
at io.github.bonigarcia.wdm.WebDriverManager.manage(WebDriverManager.java:1164)
at io.github.bonigarcia.wdm.WebDriverManager.fallback(WebDriverManager.java:1397)
at io.github.bonigarcia.wdm.WebDriverManager.handleException(WebDriverManager.java:1378)
at io.github.bonigarcia.wdm.WebDriverManager.manage(WebDriverManager.java:1164)
at io.github.bonigarcia.wdm.WebDriverManager.handleException(WebDriverManager.java:1371)
at io.github.bonigarcia.wdm.WebDriverManager.manage(WebDriverManager.java:1164)
at io.github.bonigarcia.wdm.WebDriverManager.setup(WebDriverManager.java:406)
at com.EcomDemo.TestCases.EcomBaseClass.LaunchBrowser(EcomBaseClass.java:40)
at java.base/java.util.ArrayList.forEach(ArrayList.java:1511)
Caused by: io.github.bonigarcia.wdm.config.WebDriverManagerException: java.net.NoRouteToHostException: No route to host: no further information
at io.github.bonigarcia.wdm.WebDriverManager.getDriversFromXml(WebDriverManager.java:1528)
at io.github.bonigarcia.wdm.managers.ChromeDriverManager.getDriverUrls(ChromeDriverManager.java:103)
at io.github.bonigarcia.wdm.WebDriverManager.createUrlHandler(WebDriverManager.java:1402)
at io.github.bonigarcia.wdm.WebDriverManager.download(WebDriverManager.java:1240)
at io.github.bonigarcia.wdm.WebDriverManager.manage(WebDriverManager.java:1158)
... 31 more
Caused by: java.net.NoRouteToHostException: No route to host: no further information
at java.base/sun.nio.ch.Net.pollConnect(Native Method)
at java.base/sun.nio.ch.Net.pollConnectNow(Net.java:672)
at java.base/sun.nio.ch.NioSocketImpl.timedFinishConnect(NioSocketImpl.java:539)
at java.base/sun.nio.ch.NioSocketImpl.connect(NioSocketImpl.java:594)
at java.base/java.net.SocksSocketImpl.connect(SocksSocketImpl.java:327)
at java.base/java.net.Socket.connect(Socket.java:633)
at org.apache.hc.client5.http.ssl.SSLConnectionSocketFactory$1.run(SSLConnectionSocketFactory.java:219)
at java.base/java.security.AccessController.doPrivileged(AccessController.java:569)
at org.apache.hc.client5.http.ssl.SSLConnectionSocketFactory.connectSocket(SSLConnectionSocketFactory.java:216)
at org.apache.hc.client5.http.impl.io.DefaultHttpClientConnectionOperator.connect(DefaultHttpClientConnectionOperator.java:148)
at org.apache.hc.client5.http.impl.io.PoolingHttpClientConnectionManager.connect(PoolingHttpClientConnectionManager.java:396)
at org.apache.hc.client5.http.impl.classic.InternalExecRuntime.connectEndpoint(InternalExecRuntime.java:158)
at org.apache.hc.client5.http.impl.classic.InternalExecRuntime.connectEndpoint(InternalExecRuntime.java:168)
at org.apache.hc.client5.http.impl.classic.ConnectExec.execute(ConnectExec.java:136)
at org.apache.hc.client5.http.impl.classic.ExecChainElement.execute(ExecChainElement.java:51)
at org.apache.hc.client5.http.impl.classic.ExecChainElement$1.proceed(ExecChainElement.java:57)
at org.apache.hc.client5.http.impl.classic.ProtocolExec.execute(ProtocolExec.java:175)
at org.apache.hc.client5.http.impl.classic.ExecChainElement.execute(ExecChainElement.java:51)
at org.apache.hc.client5.http.impl.classic.ExecChainElement$1.proceed(ExecChainElement.java:57)
at org.apache.hc.client5.http.impl.classic.HttpRequestRetryExec.execute(HttpRequestRetryExec.java:96)
at org.apache.hc.client5.http.impl.classic.ExecChainElement.execute(ExecChainElement.java:51)
at org.apache.hc.client5.http.impl.classic.ExecChainElement$1.proceed(ExecChainElement.java:57)
at org.apache.hc.client5.http.impl.classic.ContentCompressionExec.execute(ContentCompressionExec.java:133)
at org.apache.hc.client5.http.impl.classic.ExecChainElement.execute(ExecChainElement.java:51)
at org.apache.hc.client5.http.impl.classic.ExecChainElement$1.proceed(ExecChainElement.java:57)
at org.apache.hc.client5.http.impl.classic.RedirectExec.execute(RedirectExec.java:115)
at org.apache.hc.client5.http.impl.classic.ExecChainElement.execute(ExecChainElement.java:51)
at org.apache.hc.client5.http.impl.classic.InternalHttpClient.doExecute(InternalHttpClient.java:170)
at org.apache.hc.client5.http.impl.classic.CloseableHttpClient.execute(CloseableHttpClient.java:75)
at org.apache.hc.client5.http.impl.classic.CloseableHttpClient.execute(CloseableHttpClient.java:89)
at io.github.bonigarcia.wdm.online.HttpClient.execute(HttpClient.java:158)
at io.github.bonigarcia.wdm.WebDriverManager.getDriversFromXml(WebDriverManager.java:1513)
... 35 more
... Removed 23 stack frames]]>
    </failure>
  </testcase> <!-- @BeforeClass LaunchBrowser -->
  <testcase classname="com.EcomDemo.TestCases.EcomBaseClass" name="@AfterClass teardown" time="0.0">
    <skipped/>
  </testcase> <!-- @AfterClass teardown -->
  <testcase classname="com.EcomDemo.TestCases.TC_SortMobiles_001" name="SortMobiles" time="0.0">
    <skipped/>
  </testcase> <!-- SortMobiles -->
</testsuite> <!-- Test -->
