<?xml version="1.0" encoding="UTF-8"?>
<testng-results ignored="0" total="1" passed="1" failed="0" skipped="0">
  <reporter-output>
  </reporter-output>
  <suite started-at="2022-08-09T16:43:06 IST" name="E-CommerceDemoProject" finished-at="2022-08-09T16:43:17 IST" duration-ms="11483">
    <groups>
    </groups>
    <test started-at="2022-08-09T16:43:06 IST" name="Ecommerce" finished-at="2022-08-09T16:43:17 IST" duration-ms="11483">
      <class name="com.EcomDemo.TestCases.TC_SortMobiles_001">
        <test-method is-config="true" signature="LaunchBrowser(java.lang.String)[pri:0, instance:com.EcomDemo.TestCases.TC_SortMobiles_001@40844aab]" started-at="2022-08-09T16:43:06 IST" name="LaunchBrowser" finished-at="2022-08-09T16:43:08 IST" duration-ms="1976" status="PASS">
          <params>
            <param index="0">
              <value>
                <![CDATA[chrome]]>
              </value>
            </param>
          </params>
          <reporter-output>
          </reporter-output>
        </test-method> <!-- LaunchBrowser -->
        <test-method signature="SortMobiles()[pri:0, instance:com.EcomDemo.TestCases.TC_SortMobiles_001@40844aab]" started-at="2022-08-09T16:43:08 IST" name="SortMobiles" finished-at="2022-08-09T16:43:17 IST" duration-ms="9300" status="PASS">
          <reporter-output>
          </reporter-output>
        </test-method> <!-- SortMobiles -->
        <test-method is-config="true" signature="teardown()[pri:0, instance:com.EcomDemo.TestCases.TC_SortMobiles_001@40844aab]" started-at="2022-08-09T16:43:17 IST" name="teardown" finished-at="2022-08-09T16:43:17 IST" duration-ms="166" status="PASS">
          <reporter-output>
          </reporter-output>
        </test-method> <!-- teardown -->
      </class> <!-- com.EcomDemo.TestCases.TC_SortMobiles_001 -->
    </test> <!-- Ecommerce -->
  </suite> <!-- E-CommerceDemoProject -->
</testng-results>
